Performing C SOURCE FILE Test CMAKE_HAVE_LIBC_PTHREAD failed with the following output:
Change Dir: /home/kitteh/hdr-plus/build/CMakeFiles/CMakeTmp

Run Build Command(s):/usr/bin/ninja cmTC_1b085 && [1/2] Building C object CMakeFiles/cmTC_1b085.dir/src.c.o
[2/2] Linking C executable cmTC_1b085
FAILED: cmTC_1b085 
: && /usr/bin/cc -DCMAKE_HAVE_LIBC_PTHREAD  CMakeFiles/cmTC_1b085.dir/src.c.o -o cmTC_1b085   && :
/usr/bin/ld: CMakeFiles/cmTC_1b085.dir/src.c.o: in function `main':
src.c:(.text+0x48): undefined reference to `pthread_create'
/usr/bin/ld: src.c:(.text+0x50): undefined reference to `pthread_detach'
/usr/bin/ld: src.c:(.text+0x58): undefined reference to `pthread_cancel'
/usr/bin/ld: src.c:(.text+0x64): undefined reference to `pthread_join'
collect2: error: ld returned 1 exit status
ninja: build stopped: subcommand failed.


Source file was:
#include <pthread.h>

void* test_func(void* data)
{
  return data;
}

int main(void)
{
  pthread_t thread;
  pthread_create(&thread, NULL, test_func, NULL);
  pthread_detach(thread);
  pthread_cancel(thread);
  pthread_join(thread, NULL);
  pthread_atfork(NULL, NULL, NULL);
  pthread_exit(NULL);

  return 0;
}

Determining if the function pthread_create exists in the pthreads failed with the following output:
Change Dir: /home/kitteh/hdr-plus/build/CMakeFiles/CMakeTmp

Run Build Command(s):/usr/bin/ninja cmTC_226fa && [1/2] Building C object CMakeFiles/cmTC_226fa.dir/CheckFunctionExists.c.o
[2/2] Linking C executable cmTC_226fa
FAILED: cmTC_226fa 
: && /usr/bin/cc -DCHECK_FUNCTION_EXISTS=pthread_create  CMakeFiles/cmTC_226fa.dir/CheckFunctionExists.c.o -o cmTC_226fa  -lpthreads && :
/usr/bin/ld: cannot find -lpthreads
collect2: error: ld returned 1 exit status
ninja: build stopped: subcommand failed.



